[27102023 16:16:29] Admin logged in successfully
[27102023 16:16:29] Creating Algorithms with Secure Lookup Framework
[27102023 16:16:30] File: Calles.txt uploaded - ID: delphix-file://upload/f_1cd37cb90d9e41cb9d7b9c0dcb495661/Calles.txt
[27102023 16:16:30] Algorithm: 0_AR_DIRECCION_SL .
[27102023 16:16:30] File: Localidades.txt uploaded - ID: delphix-file://upload/f_b4d4378757934f60812e24edc00bf79d/Localidades.txt
[27102023 16:16:30] Algorithm: 0_AR_LOCALIDAD_SL .
[27102023 16:16:31] File: Municipios.txt uploaded - ID: delphix-file://upload/f_b3358e37933747b9b8190fe1538b5fd2/Municipios.txt
[27102023 16:16:31] Algorithm: 0_AR_MUNICIPALIDAD_SL .
[27102023 16:16:31] File: Departamentos.txt uploaded - ID: delphix-file://upload/f_8d6d54dd220f4c3385d68d312fe01f3e/Departamentos.txt
[27102023 16:16:31] Algorithm: 0_AR_DEPARTAMENTO_SL .
[27102023 16:16:31] File: Provincias.txt uploaded - ID: delphix-file://upload/f_9e6a6a26ce844fd4b06e23f973ae5370/Provincias.txt
[27102023 16:16:31] Algorithm: 0_AR_PROVINCIA_SL .
[27102023 16:16:33] File: Empresas.txt uploaded - ID: delphix-file://upload/f_ed7bc4bff7c243d2ab75332a1356e23b/Empresas.txt
[27102023 16:16:33] Algorithm: 0_AR_EMPRESA_SL .
[27102023 16:16:33] Admin Logged out successfully
[27102023 16:16:33] Admin logged in successfully
[27102023 16:16:33] Creating Algorithms with Name Framework
[27102023 16:16:33] File: Nombres.txt uploaded - ID: delphix-file://upload/f_a6899d4ba862403ba957bb9ec0867196/Nombres.txt
[27102023 16:16:34] Algorithm: 0_AR_NOMBRE_NM added.
[27102023 16:16:34] File: Apellidos.txt uploaded - ID: delphix-file://upload/f_db4883cd567247639a3067fc0b49ba9f/Apellidos.txt
[27102023 16:16:34] Algorithm: 0_AR_APELLIDO_NM added.
[27102023 16:16:34] Admin Logged out successfully
[27102023 16:16:35] Admin logged in successfully
[27102023 16:16:35] Creating Algorithms with Full Name Framework
[27102023 16:16:35] Algorithm: 0_AR_NOMBRE_COMPLETO_FN added.
[27102023 16:16:35] Admin Logged out successfully
[27102023 16:16:36] Admin logged in successfully
[27102023 16:16:36] Creating Algorithms with Payment Card Framework
[27102023 16:16:36] Algorithm: 0_AR_TARJETA_PC added.
[27102023 16:16:36] Admin Logged out successfully
[27102023 16:16:36] Admin logged in successfully
[27102023 16:16:36] Creating Algorithms with Character Mapping Framework
[27102023 16:16:37] Algorithm: 0_AR_CUILT_CM added.
[27102023 16:16:37] Algorithm: 0_AR_DNI_CM added.
[27102023 16:16:37] Admin Logged out successfully
[27102023 16:16:37] Admin logged in successfully
[27102023 16:16:37] Creating Algorithms with Email Framework
[27102023 16:16:37] Algorithm: 0_AR_EMAIL_EMAIL added.
[27102023 16:16:38] Admin Logged out successfully
[27102023 16:16:38] Admin logged in successfully
[27102023 16:16:38] Creating domains: 
[27102023 16:16:38] Domain: 0_AR_NOMBRE added.
[27102023 16:16:38] Domain: 0_AR_APELLIDO added.
[27102023 16:16:38] Domain: 0_AR_NOMBRE_COMPLETO added.
[27102023 16:16:39] Domain: 0_AR_DIRECCION added.
[27102023 16:16:39] Domain: 0_AR_CBU added.
[27102023 16:16:39] Domain: 0_AR_ALIAS added.
[27102023 16:16:39] Domain: 0_AR_CP added.
[27102023 16:16:39] Domain: 0_AR_DNI added.
[27102023 16:16:39] Domain: 0_AR_PASAPORTE added.
[27102023 16:16:39] Domain: 0_AR_TELEFONO added.
[27102023 16:16:39] Domain: 0_AR_LOCALIDAD added.
[27102023 16:16:40] Domain: 0_AR_MUNICIPALIDAD added.
[27102023 16:16:40] Domain: 0_AR_DEPARTAMENTO added.
[27102023 16:16:40] Domain: 0_AR_PROVINCIA added.
[27102023 16:16:40] Domain: 0_AR_USUARIO added.
[27102023 16:16:40] Domain: 0_AR_EMAIL added.
[27102023 16:16:40] Domain: 0_AR_EMPRESA added.
[27102023 16:16:40] Domain: 0_AR_CUENTA added.
[27102023 16:16:41] Domain: 0_AR_CUILT added.
[27102023 16:16:41] Domain: 0_AR_TARJETA added.
[27102023 16:16:41] Domain: 0_AR_SEXO added.
[27102023 16:16:41] Domain: 0_AR_FECNAC added.
[27102023 16:16:41] Domain: 0_AR_NACIONALIDAD added.
[27102023 16:16:41] Domain: 0_AR_TXTLIBRE added.
[27102023 16:16:41] Creating expressions: 
[27102023 16:16:41] Expression: 0_AR_CP_DATA added.
[27102023 16:16:41] Expression: 0_AR_CP_METADATA added.
[27102023 16:16:42] Expression: 0_AR_CUILT_DATA added.
[27102023 16:16:42] Expression: 0_AR_CUILT_METADATA added.
[27102023 16:16:42] Expression: 0_AR_DNI_DATA added.
[27102023 16:16:42] Expression: 0_AR_DNI_METADATA added.
[27102023 16:16:42] Expression: 0_AR_DIRECCION_DATA added.
[27102023 16:16:42] Expression: 0_AR_DIRECCION_METADATA added.
[27102023 16:16:43] Expression: 0_AR_TELEFONO_DATA added.
[27102023 16:16:43] Expression: 0_AR_TELEFONO_METADATA added.
[27102023 16:16:43] Expression: 0_AR_NOMBRE_COMPLETO_METADATA added.
[27102023 16:16:43] Expression: 0_AR_NOMBRE_METADATA added.
[27102023 16:16:43] Expression: 0_AR_APELLIDO_METADATA added.
[27102023 16:16:43] Expression: 0_AR_LOCALIDAD_METADATA added.
[27102023 16:16:43] Expression: 0_AR_MUNICIPALIDAD_METADATA added.
[27102023 16:16:44] Expression: 0_AR_DEPARTAMENTO_METADATA added.
[27102023 16:16:44] Expression: 0_AR_PROVINCIA_METADATA added.
[27102023 16:16:44] Expression: 0_AR_CELULAR_METADATA added.
[27102023 16:16:44] Expression: 0_AR_USUARIO_METADATA added.
[27102023 16:16:44] Expression: 0_AR_EMAIL_METADATA added.
[27102023 16:16:44] Expression: 0_AR_EMPRESA_METADATA added.
[27102023 16:16:45] Expression: 0_AR_PASAPORTE_METADATA added.
[27102023 16:16:45] Expression: 0_AR_CUENTA_METADATA added.
[27102023 16:16:45] Expression: 0_AR_TARJETA_METADATA added.
[27102023 16:16:45] Expression: 0_AR_SEXO_METADATA added.
[27102023 16:16:45] Expression: 0_AR_TARJETA_DATA added.
[27102023 16:16:45] Expression: 0_AR_FECNAC_METADATA added.
[27102023 16:16:45] Expression: 0_AR_NACIONALIDAD_METADATA added.
[27102023 16:16:46] Expression: 0_AR_TXTLIBRE_METADATA added.
[27102023 16:16:46] Creating Profileset: 
[27102023 16:16:46] ProfileSet: TEST added.
[27102023 16:16:46] Expressions ids 7,8,11,22,23,49,50,370,371,372,373,374,375,376,377,378,379,380,381,382,383,384,385,386,387,388,389,390,391,392,393,394,395,396,397,398 added to TEST
[27102023 16:16:46] Admin Logged out successfully
