[041023 13:10:11] ./dpxcc_setup_algorithms.sh -a algorithms.csv -i false -o dpxcc_setup_profileset_041023_131011.log -x true -k true -m  -u  -p -
[041023 13:10:11] Logging in with  ...
[041023 13:10:11] curl -X POST -H 'Content-Type: application/json' -x '' --keepalive-time 300 --data '{"username": "", "password": "-"}' -k  -s https:///masking/api/v5.1.22/login
[041023 13:10:]  logged in successfully with token 
[041023 13:10:] Getting frameworks...
[041023 13:10:] curl -X GET -H ''"Authorization: "'' -H 'Content-Type: application/json' -x '' --keepalive-time 300 --data '{"include_schema": true, "page_number": 1, "page_size": 256}' -k  -s https:///masking/api/v5.1.22/algorithm/frameworks
[041023 13:10:] Got frameworks...
[041023 13:10:] Uploading file Calles.txt ...
[041023 13:10:] curl -X POST -H ''"Authorization: "'' -H 'Content-Type: multipart/form-data' -x '' --keepalive-time 300 -F 'file=@Calles.txt;type=text/plain' -k  -s https:///masking/api/v5.1.22/file-uploads?permanent=false
[041023 13:10:] File: Calles.txt uploaded - ID: delphix-file://upload/f_a1a51c666cf147cd9f1a887885d32fb4/Calles.txt
[041023 13:10:13] Adding Algorithm 0_AR_DIRECCION_SL using Secure Lookup Framework - FrameworkId: 26 PluginId: 7 ...
[041023 13:10:13] curl -X POST -H ''"Authorization: "'' -H 'Content-Type: application/json' -x '' --keepalive-time 300 --data '{"algorithmName":"0_AR_DIRECCION_SL","algorithmType":"COMPONENT","description":"Direccion_SL","frameworkId":"26","pluginId":"7","algorithmExtension":{"hashMethod":"LEGACY","lookupFile":{"uri":"delphix-file://upload/f_a1a51c666cf147cd9f1a887885d32fb4/Calles.txt"},"maskedValueCase":"PRESERVE_LOOKUP_FILE","inputCaseSensitive":false,"trimWhitespaceFromInput":false,"trimWhitespaceInLookupFile":true}}' -k  -s https:///masking/api/v5.1.22/algorithms
[041023 13:10:13] Algorithm: 0_AR_DIRECCION_SL added.
[041023 13:10:13] Uploading file Localidades.txt ...
[041023 13:10:13] curl -X POST -H ''"Authorization: "'' -H 'Content-Type: multipart/form-data' -x '' --keepalive-time 300 -F 'file=@Localidades.txt;type=text/plain' -k  -s https:///masking/api/v5.1.22/file-uploads?permanent=false
[041023 13:10:13] File: Localidades.txt uploaded - ID: delphix-file://upload/f_ade6a49efaf448b39d141b254bfd0393/Localidades.txt
[041023 13:10:13] Adding Algorithm 0_AR_LOCALIDAD_SL using Secure Lookup Framework - FrameworkId: 26 PluginId: 7 ...
[041023 13:10:13] curl -X POST -H ''"Authorization: "'' -H 'Content-Type: application/json' -x '' --keepalive-time 300 --data '{"algorithmName":"0_AR_LOCALIDAD_SL","algorithmType":"COMPONENT","description":"Localidad_SL","frameworkId":"26","pluginId":"7","algorithmExtension":{"hashMethod":"LEGACY","lookupFile":{"uri":"delphix-file://upload/f_ade6a49efaf448b39d141b254bfd0393/Localidades.txt"},"maskedValueCase":"PRESERVE_LOOKUP_FILE","inputCaseSensitive":false,"trimWhitespaceFromInput":false,"trimWhitespaceInLookupFile":true}}' -k  -s https:///masking/api/v5.1.22/algorithms
[041023 13:10:13] Algorithm: 0_AR_LOCALIDAD_SL added.
[041023 13:10:14] Uploading file Municipios.txt ...
[041023 13:10:14] curl -X POST -H ''"Authorization: "'' -H 'Content-Type: multipart/form-data' -x '' --keepalive-time 300 -F 'file=@Municipios.txt;type=text/plain' -k  -s https:///masking/api/v5.1.22/file-uploads?permanent=false
[041023 13:10:14] File: Municipios.txt uploaded - ID: delphix-file://upload/f_9ac2c3778bb64c879c5b7284be5a3926/Municipios.txt
[041023 13:10:14] Adding Algorithm 0_AR_MUNICIPALIDAD_SL using Secure Lookup Framework - FrameworkId: 26 PluginId: 7 ...
[041023 13:10:14] curl -X POST -H ''"Authorization: "'' -H 'Content-Type: application/json' -x '' --keepalive-time 300 --data '{"algorithmName":"0_AR_MUNICIPALIDAD_SL","algorithmType":"COMPONENT","description":"Municipalidad_SL","frameworkId":"26","pluginId":"7","algorithmExtension":{"hashMethod":"LEGACY","lookupFile":{"uri":"delphix-file://upload/f_9ac2c3778bb64c879c5b7284be5a3926/Municipios.txt"},"maskedValueCase":"PRESERVE_LOOKUP_FILE","inputCaseSensitive":false,"trimWhitespaceFromInput":false,"trimWhitespaceInLookupFile":true}}' -k  -s https:///masking/api/v5.1.22/algorithms
[041023 13:10:14] Algorithm: 0_AR_MUNICIPALIDAD_SL added.
[041023 13:10:14] Uploading file Departamentos.txt ...
[041023 13:10:14] curl -X POST -H ''"Authorization: "'' -H 'Content-Type: multipart/form-data' -x '' --keepalive-time 300 -F 'file=@Departamentos.txt;type=text/plain' -k  -s https:///masking/api/v5.1.22/file-uploads?permanent=false
[041023 13:10:15] File: Departamentos.txt uploaded - ID: delphix-file://upload/f_2fcfab476d17479d90eb528ea2f4f61a/Departamentos.txt
[041023 13:10:15] Adding Algorithm 0_AR_DEPARTAMENTO_SL using Secure Lookup Framework - FrameworkId: 26 PluginId: 7 ...
[041023 13:10:15] curl -X POST -H ''"Authorization: "'' -H 'Content-Type: application/json' -x '' --keepalive-time 300 --data '{"algorithmName":"0_AR_DEPARTAMENTO_SL","algorithmType":"COMPONENT","description":"Departamento_SL","frameworkId":"26","pluginId":"7","algorithmExtension":{"hashMethod":"LEGACY","lookupFile":{"uri":"delphix-file://upload/f_2fcfab476d17479d90eb528ea2f4f61a/Departamentos.txt"},"maskedValueCase":"PRESERVE_LOOKUP_FILE","inputCaseSensitive":false,"trimWhitespaceFromInput":false,"trimWhitespaceInLookupFile":true}}' -k  -s https:///masking/api/v5.1.22/algorithms
[041023 13:10:15] Algorithm: 0_AR_DEPARTAMENTO_SL added.
[041023 13:10:15] Uploading file Provincias.txt ...
[041023 13:10:15] curl -X POST -H ''"Authorization: "'' -H 'Content-Type: multipart/form-data' -x '' --keepalive-time 300 -F 'file=@Provincias.txt;type=text/plain' -k  -s https:///masking/api/v5.1.22/file-uploads?permanent=false
[041023 13:10:15] File: Provincias.txt uploaded - ID: delphix-file://upload/f_5719a228e2cc4d21801d7fdaadcee18c/Provincias.txt
[041023 13:10:15] Adding Algorithm 0_AR_PROVINCIA_SL using Secure Lookup Framework - FrameworkId: 26 PluginId: 7 ...
[041023 13:10:15] curl -X POST -H ''"Authorization: "'' -H 'Content-Type: application/json' -x '' --keepalive-time 300 --data '{"algorithmName":"0_AR_PROVINCIA_SL","algorithmType":"COMPONENT","description":"Provincia_SL","frameworkId":"26","pluginId":"7","algorithmExtension":{"hashMethod":"LEGACY","lookupFile":{"uri":"delphix-file://upload/f_5719a228e2cc4d21801d7fdaadcee18c/Provincias.txt"},"maskedValueCase":"PRESERVE_LOOKUP_FILE","inputCaseSensitive":false,"trimWhitespaceFromInput":false,"trimWhitespaceInLookupFile":true}}' -k  -s https:///masking/api/v5.1.22/algorithms
[041023 13:10:16] Algorithm: 0_AR_PROVINCIA_SL added.
[041023 13:10:16] Uploading file Empresas.txt ...
[041023 13:10:16] curl -X POST -H ''"Authorization: "'' -H 'Content-Type: multipart/form-data' -x '' --keepalive-time 300 -F 'file=@Empresas.txt;type=text/plain' -k  -s https:///masking/api/v5.1.22/file-uploads?permanent=false
[041023 13:10:17] File: Empresas.txt uploaded - ID: delphix-file://upload/f_3f86ab4e2a7e40e0bb2890a2f1cebbd2/Empresas.txt
[041023 13:10:17] Adding Algorithm 0_AR_EMPRESA_SL using Secure Lookup Framework - FrameworkId: 26 PluginId: 7 ...
[041023 13:10:17] curl -X POST -H ''"Authorization: "'' -H 'Content-Type: application/json' -x '' --keepalive-time 300 --data '{"algorithmName":"0_AR_EMPRESA_SL","algorithmType":"COMPONENT","description":"Empresas_SL","frameworkId":"26","pluginId":"7","algorithmExtension":{"hashMethod":"LEGACY","lookupFile":{"uri":"delphix-file://upload/f_3f86ab4e2a7e40e0bb2890a2f1cebbd2/Empresas.txt"},"maskedValueCase":"PRESERVE_LOOKUP_FILE","inputCaseSensitive":false,"trimWhitespaceFromInput":false,"trimWhitespaceInLookupFile":true}}' -k  -s https:///masking/api/v5.1.22/algorithms
[041023 13:10:17] Algorithm: 0_AR_EMPRESA_SL added.
[041023 13:10:17] Adding Algorithm 0_AR_CUILT_CM using Secure Lookup Framework - FrameworkId: 21 PluginId: 7 ...
[041023 13:10:17] curl -X POST -H ''"Authorization: "'' -H 'Content-Type: application/json' -x '' --keepalive-time 300 --data '{"algorithmName":"0_AR_CUILT_CM","algorithmType":"COMPONENT","description":"CUILT_CM","frameworkId":"21","pluginId":"7","algorithmExtension":{"caseSensitive":false,"preserveRanges":[],"characterGroups":["[0-9]"],"minMaskedPositions":8,"preserveLeadingZeros":false}}' -k  -s https:///masking/api/v5.1.22/algorithms
[041023 13:10:17] Algorithm: 0_AR_CUILT_CM added.
[041023 13:10:18] Adding Algorithm 0_AR_DNI_CM using Secure Lookup Framework - FrameworkId: 21 PluginId: 7 ...
[041023 13:10:18] curl -X POST -H ''"Authorization: "'' -H 'Content-Type: application/json' -x '' --keepalive-time 300 --data '{"algorithmName":"0_AR_DNI_CM","algorithmType":"COMPONENT","description":"DNI_CM","frameworkId":"21","pluginId":"7","algorithmExtension":{"caseSensitive":false,"preserveRanges":[],"characterGroups":["[0-9]"],"minMaskedPositions":5,"preserveLeadingZeros":false}}' -k  -s https:///masking/api/v5.1.22/algorithms
[041023 13:10:18] Algorithm: 0_AR_DNI_CM added.
[041023 13:10:18] Uploading file Nombres.txt ...
[041023 13:10:18] curl -X POST -H ''"Authorization: "'' -H 'Content-Type: multipart/form-data' -x '' --keepalive-time 300 -F 'file=@Nombres.txt;type=text/plain' -k  -s https:///masking/api/v5.1.22/file-uploads?permanent=false
[041023 13:10:18] File: Nombres.txt uploaded - ID: delphix-file://upload/f_639eae114938493396cf690824844e16/Nombres.txt
[041023 13:10:18] Adding Algorithm 0_AR_NOMBRE_NM using Secure Lookup Framework - FrameworkId: 25 PluginId: 7 ...
[041023 13:10:18] curl -X POST -H ''"Authorization: "'' -H 'Content-Type: application/json' -x '' --keepalive-time 300 --data '{"algorithmName":"0_AR_NOMBRE_NM","algorithmType":"COMPONENT","description":"Nombres_NM","frameworkId":"25","pluginId":"7","algorithmExtension":{"lookupFile":{"uri":"delphix-file://upload/f_639eae114938493396cf690824844e16/Nombres.txt"},"filterAccent":true,"maskedValueCase":"PRESERVE_INPUT","inputCaseSensitive":false,"maxLengthOfMaskedName":0,"particlesToRemoveFile":null,"particlesToPreserveFile":null}}' -k  -s https:///masking/api/v5.1.22/algorithms
[041023 13:10:19] Algorithm: 0_AR_NOMBRE_NM added.
[041023 13:10:19] Uploading file Apellidos.txt ...
[041023 13:10:19] curl -X POST -H ''"Authorization: "'' -H 'Content-Type: multipart/form-data' -x '' --keepalive-time 300 -F 'file=@Apellidos.txt;type=text/plain' -k  -s https:///masking/api/v5.1.22/file-uploads?permanent=false
[041023 13:10:19] File: Apellidos.txt uploaded - ID: delphix-file://upload/f_8318bf95d0ea4177af48c7c9abf4ab52/Apellidos.txt
[041023 13:10:20] Adding Algorithm 0_AR_APELLIDO_NM using Secure Lookup Framework - FrameworkId: 25 PluginId: 7 ...
[041023 13:10:20] curl -X POST -H ''"Authorization: "'' -H 'Content-Type: application/json' -x '' --keepalive-time 300 --data '{"algorithmName":"0_AR_APELLIDO_NM","algorithmType":"COMPONENT","description":"Apellidos_NM","frameworkId":"25","pluginId":"7","algorithmExtension":{"lookupFile":{"uri":"delphix-file://upload/f_8318bf95d0ea4177af48c7c9abf4ab52/Apellidos.txt"},"filterAccent":true,"maskedValueCase":"PRESERVE_INPUT","inputCaseSensitive":false,"maxLengthOfMaskedName":0,"particlesToRemoveFile":null,"particlesToPreserveFile":null}}' -k  -s https:///masking/api/v5.1.22/algorithms
[041023 13:10:20] Algorithm: 0_AR_APELLIDO_NM added.
[041023 13:10:20] Adding Algorithm 0_AR_NOMBRE_COMPLETO_FN using Secure Lookup Framework - FrameworkId: 5 PluginId: 7 ...
[041023 13:10:20] curl -X POST -H ''"Authorization: "'' -H 'Content-Type: application/json' -x '' --keepalive-time 300 --data '{"algorithmName":"0_AR_NOMBRE_COMPLETO_FN","algorithmType":"COMPONENT","description":"Nombre_Apellido_FM","frameworkId":"5","pluginId":"7","algorithmExtension":{"lastNameAtTheEnd":true,"lastNameSeparators":[","],"maxNumberFirstNames":2,"lastNameAlgorithmRef":{"name":"0_AR_APELLIDO_NM"},"firstNameAlgorithmRef":{"name":"0_AR_NOMBRE_NM"},"maxLengthOfMaskedName":0,"ifSingleWordConsiderAsLastName":true}}' -k  -s https:///masking/api/v5.1.22/algorithms
[041023 13:10:20] Algorithm: 0_AR_NOMBRE_COMPLETO_FN added.
[041023 13:10:20] Adding Algorithm 0_AR_EMAIL_EMAIL using Secure Lookup Framework - FrameworkId: 22 PluginId: 7 ...
[041023 13:10:20] curl -X POST -H ''"Authorization: "'' -H 'Content-Type: application/json' -x '' --keepalive-time 300 --data '{"algorithmName":"0_AR_EMAIL_EMAIL","algorithmType":"COMPONENT","description":"0_AR_EMAIL_EMAIL","frameworkId":"22","pluginId":"7","algorithmExtension":{"nameAction":"APPLY_ALGORITHM","domainAction":"APPLY_ALGORITHM","nameAlgorithm":{"name":"dlpx-core:CM Alpha-Numeric"},"nameLookupFile":null,"domainAlgorithm":{"name":"dlpx-core:CM Alpha-Numeric"},"domainReplacementString":null}}' -k  -s https:///masking/api/v5.1.22/algorithms
[041023 13:10:20] Algorithm: 0_AR_EMAIL_EMAIL added.
[041023 13:10:20] Adding Algorithm 0_AR_TARJETA_PC using Secure Lookup Framework - FrameworkId: 10 PluginId: 7 ...
[041023 13:10:20] curl -X POST -H ''"Authorization: "'' -H 'Content-Type: application/json' -x '' --keepalive-time 300 --data '{"algorithmName":"0_AR_TARJETA_PC","algorithmType":"COMPONENT","description":"Tarjeta_PC","frameworkId":"10","pluginId":"7","algorithmExtension":{"preserve":6,"minMaskedPositions":1}}' -k  -s https:///masking/api/v5.1.22/algorithms
[041023 13:10:21] Algorithm: 0_AR_TARJETA_PC added.
[041023 13:10:21] Logging out ...
[041023 13:10:21] curl -X PUT -H ''"Authorization: "'' -H 'Content-Type: application/json' -x '' --keepalive-time 300 -k  -s https:///masking/api/v5.1.22/logout
[041023 13:10:21]  Logged out successfully with token 
[041023 13:10:21] Logging in with  ...
[041023 13:10:21] curl -X POST -H 'Content-Type: application/json' -x '' --keepalive-time 300 --data '{"username": "", "password": "-"}' -k  -s https:///masking/api/v5.1.22/login
[041023 13:10:21]  logged in successfully with token 
[041023 13:10:21] Adding Domain 0_AR_NOMBRE using Algorithm 0_AR_NOMBRE_NM ...
[041023 13:10:21] curl -X POST -H ''"Authorization: "'' -H 'Content-Type: application/json' -x '' --keepalive-time 300 --data '{"defaultAlgorithmCode": "0_AR_NOMBRE_NM", "domainName": "0_AR_NOMBRE"}' -k  -s https:///masking/api/v5.1.22/domains
[041023 13:10:22] Domain: 0_AR_NOMBRE added.
[041023 13:10:22] Adding Domain 0_AR_APELLIDO using Algorithm 0_AR_APELLIDO_NM ...
[041023 13:10:22] curl -X POST -H ''"Authorization: "'' -H 'Content-Type: application/json' -x '' --keepalive-time 300 --data '{"defaultAlgorithmCode": "0_AR_APELLIDO_NM", "domainName": "0_AR_APELLIDO"}' -k  -s https:///masking/api/v5.1.22/domains
[041023 13:10:22] Domain: 0_AR_APELLIDO added.
[041023 13:10:22] Adding Domain 0_AR_NOMBRE_COMPLETO using Algorithm 0_AR_NOMBRE_COMPLETO_FN ...
[041023 13:10:22] curl -X POST -H ''"Authorization: "'' -H 'Content-Type: application/json' -x '' --keepalive-time 300 --data '{"defaultAlgorithmCode": "0_AR_NOMBRE_COMPLETO_FN", "domainName": "0_AR_NOMBRE_COMPLETO"}' -k  -s https:///masking/api/v5.1.22/domains
[041023 13:10:22] Domain: 0_AR_NOMBRE_COMPLETO added.
[041023 13:10:22] Adding Domain 0_AR_DIRECCION using Algorithm 0_AR_DIRECCION_SL ...
[041023 13:10:22] curl -X POST -H ''"Authorization: "'' -H 'Content-Type: application/json' -x '' --keepalive-time 300 --data '{"defaultAlgorithmCode": "0_AR_DIRECCION_SL", "domainName": "0_AR_DIRECCION"}' -k  -s https:///masking/api/v5.1.22/domains
[041023 13:10:22] Domain: 0_AR_DIRECCION added.
[041023 13:10:22] Adding Domain 0_AR_CBU using Algorithm dlpx-core:CM Numeric ...
[041023 13:10:22] curl -X POST -H ''"Authorization: "'' -H 'Content-Type: application/json' -x '' --keepalive-time 300 --data '{"defaultAlgorithmCode": "dlpx-core:CM Numeric", "domainName": "0_AR_CBU"}' -k  -s https:///masking/api/v5.1.22/domains
[041023 13:10:22] Domain: 0_AR_CBU added.
[041023 13:10:22] Adding Domain 0_AR_ALIAS using Algorithm dlpx-core:CM Alpha-Numeric ...
[041023 13:10:22] curl -X POST -H ''"Authorization: "'' -H 'Content-Type: application/json' -x '' --keepalive-time 300 --data '{"defaultAlgorithmCode": "dlpx-core:CM Alpha-Numeric", "domainName": "0_AR_ALIAS"}' -k  -s https:///masking/api/v5.1.22/domains
[041023 13:10:22] Domain: 0_AR_ALIAS added.
[041023 13:10:22] Adding Domain 0_AR_CP using Algorithm dlpx-core:CM Numeric ...
[041023 13:10:22] curl -X POST -H ''"Authorization: "'' -H 'Content-Type: application/json' -x '' --keepalive-time 300 --data '{"defaultAlgorithmCode": "dlpx-core:CM Numeric", "domainName": "0_AR_CP"}' -k  -s https:///masking/api/v5.1.22/domains
[041023 13:10:23] Domain: 0_AR_CP added.
[041023 13:10:23] Adding Domain 0_AR_DNI using Algorithm 0_AR_DNI_CM ...
[041023 13:10:23] curl -X POST -H ''"Authorization: "'' -H 'Content-Type: application/json' -x '' --keepalive-time 300 --data '{"defaultAlgorithmCode": "0_AR_DNI_CM", "domainName": "0_AR_DNI"}' -k  -s https:///masking/api/v5.1.22/domains
[041023 13:10:23] Domain: 0_AR_DNI added.
[041023 13:10:23] Adding Domain 0_AR_PASAPORTE using Algorithm dlpx-core:CM Alpha-Numeric ...
[041023 13:10:23] curl -X POST -H ''"Authorization: "'' -H 'Content-Type: application/json' -x '' --keepalive-time 300 --data '{"defaultAlgorithmCode": "dlpx-core:CM Alpha-Numeric", "domainName": "0_AR_PASAPORTE"}' -k  -s https:///masking/api/v5.1.22/domains
[041023 13:10:24] Domain: 0_AR_PASAPORTE added.
[041023 13:10:24] Adding Domain 0_AR_TELEFONO using Algorithm dlpx-core:Phone Unique ...
[041023 13:10:24] curl -X POST -H ''"Authorization: "'' -H 'Content-Type: application/json' -x '' --keepalive-time 300 --data '{"defaultAlgorithmCode": "dlpx-core:Phone Unique", "domainName": "0_AR_TELEFONO"}' -k  -s https:///masking/api/v5.1.22/domains
[041023 13:10:24] Domain: 0_AR_TELEFONO added.
[041023 13:10:24] Adding Domain 0_AR_LOCALIDAD using Algorithm 0_AR_LOCALIDAD_SL ...
[041023 13:10:24] curl -X POST -H ''"Authorization: "'' -H 'Content-Type: application/json' -x '' --keepalive-time 300 --data '{"defaultAlgorithmCode": "0_AR_LOCALIDAD_SL", "domainName": "0_AR_LOCALIDAD"}' -k  -s https:///masking/api/v5.1.22/domains
[041023 13:10:24] Domain: 0_AR_LOCALIDAD added.
[041023 13:10:24] Adding Domain 0_AR_MUNICIPALIDAD using Algorithm 0_AR_MUNICIPALIDAD_SL ...
[041023 13:10:24] curl -X POST -H ''"Authorization: "'' -H 'Content-Type: application/json' -x '' --keepalive-time 300 --data '{"defaultAlgorithmCode": "0_AR_MUNICIPALIDAD_SL", "domainName": "0_AR_MUNICIPALIDAD"}' -k  -s https:///masking/api/v5.1.22/domains
[041023 13:10:25] Domain: 0_AR_MUNICIPALIDAD added.
[041023 13:10:25] Adding Domain 0_AR_DEPARTAMENTO using Algorithm 0_AR_DEPARTAMENTO_SL ...
[041023 13:10:25] curl -X POST -H ''"Authorization: "'' -H 'Content-Type: application/json' -x '' --keepalive-time 300 --data '{"defaultAlgorithmCode": "0_AR_DEPARTAMENTO_SL", "domainName": "0_AR_DEPARTAMENTO"}' -k  -s https:///masking/api/v5.1.22/domains
[041023 13:10:25] Domain: 0_AR_DEPARTAMENTO added.
[041023 13:10:25] Adding Domain 0_AR_PROVINCIA using Algorithm 0_AR_PROVINCIA_SL ...
[041023 13:10:25] curl -X POST -H ''"Authorization: "'' -H 'Content-Type: application/json' -x '' --keepalive-time 300 --data '{"defaultAlgorithmCode": "0_AR_PROVINCIA_SL", "domainName": "0_AR_PROVINCIA"}' -k  -s https:///masking/api/v5.1.22/domains
[041023 13:10:25] Domain: 0_AR_PROVINCIA added.
[041023 13:10:25] Adding Domain 0_AR_USUARIO using Algorithm dlpx-core:CM Alpha-Numeric ...
[041023 13:10:25] curl -X POST -H ''"Authorization: "'' -H 'Content-Type: application/json' -x '' --keepalive-time 300 --data '{"defaultAlgorithmCode": "dlpx-core:CM Alpha-Numeric", "domainName": "0_AR_USUARIO"}' -k  -s https:///masking/api/v5.1.22/domains
[041023 13:10:26] Domain: 0_AR_USUARIO added.
[041023 13:10:26] Adding Domain 0_AR_EMAIL using Algorithm 0_AR_EMAIL_EMAIL ...
[041023 13:10:26] curl -X POST -H ''"Authorization: "'' -H 'Content-Type: application/json' -x '' --keepalive-time 300 --data '{"defaultAlgorithmCode": "0_AR_EMAIL_EMAIL", "domainName": "0_AR_EMAIL"}' -k  -s https:///masking/api/v5.1.22/domains
[041023 13:10:26] Domain: 0_AR_EMAIL added.
[041023 13:10:26] Adding Domain 0_AR_EMPRESA using Algorithm 0_AR_EMPRESA_SL ...
[041023 13:10:26] curl -X POST -H ''"Authorization: "'' -H 'Content-Type: application/json' -x '' --keepalive-time 300 --data '{"defaultAlgorithmCode": "0_AR_EMPRESA_SL", "domainName": "0_AR_EMPRESA"}' -k  -s https:///masking/api/v5.1.22/domains
[041023 13:10:27] Domain: 0_AR_EMPRESA added.
[041023 13:10:27] Adding Domain 0_AR_CUENTA using Algorithm dlpx-core:CM Numeric ...
[041023 13:10:27] curl -X POST -H ''"Authorization: "'' -H 'Content-Type: application/json' -x '' --keepalive-time 300 --data '{"defaultAlgorithmCode": "dlpx-core:CM Numeric", "domainName": "0_AR_CUENTA"}' -k  -s https:///masking/api/v5.1.22/domains
[041023 13:10:27] Domain: 0_AR_CUENTA added.
[041023 13:10:27] Adding Domain 0_AR_CUILT using Algorithm 0_AR_CUILT_CM ...
[041023 13:10:27] curl -X POST -H ''"Authorization: "'' -H 'Content-Type: application/json' -x '' --keepalive-time 300 --data '{"defaultAlgorithmCode": "0_AR_CUILT_CM", "domainName": "0_AR_CUILT"}' -k  -s https:///masking/api/v5.1.22/domains
[041023 13:10:27] Domain: 0_AR_CUILT added.
[041023 13:10:27] Adding Domain 0_AR_TARJETA using Algorithm 0_AR_TARJETA_PC ...
[041023 13:10:27] curl -X POST -H ''"Authorization: "'' -H 'Content-Type: application/json' -x '' --keepalive-time 300 --data '{"defaultAlgorithmCode": "0_AR_TARJETA_PC", "domainName": "0_AR_TARJETA"}' -k  -s https:///masking/api/v5.1.22/domains
[041023 13:10:28] Domain: 0_AR_TARJETA added.
[041023 13:10:28] Adding Domain 0_AR_SEXO using Algorithm SecureShuffle ...
[041023 13:10:28] curl -X POST -H ''"Authorization: "'' -H 'Content-Type: application/json' -x '' --keepalive-time 300 --data '{"defaultAlgorithmCode": "SecureShuffle", "domainName": "0_AR_SEXO"}' -k  -s https:///masking/api/v5.1.22/domains
[041023 13:10:28] Domain: 0_AR_SEXO added.
[041023 13:10:28] Adding Domain 0_AR_FECNAC using Algorithm DateShiftVariable ...
[041023 13:10:28] curl -X POST -H ''"Authorization: "'' -H 'Content-Type: application/json' -x '' --keepalive-time 300 --data '{"defaultAlgorithmCode": "DateShiftVariable", "domainName": "0_AR_FECNAC"}' -k  -s https:///masking/api/v5.1.22/domains
[041023 13:10:29] Domain: 0_AR_FECNAC added.
[041023 13:10:29] Adding Domain 0_AR_NACIONALIDAD using Algorithm SecureShuffle ...
[041023 13:10:29] curl -X POST -H ''"Authorization: "'' -H 'Content-Type: application/json' -x '' --keepalive-time 300 --data '{"defaultAlgorithmCode": "SecureShuffle", "domainName": "0_AR_NACIONALIDAD"}' -k  -s https:///masking/api/v5.1.22/domains
[041023 13:10:29] Domain: 0_AR_NACIONALIDAD added.
[041023 13:10:29] Adding Domain 0_AR_TXTLIBRE using Algorithm NullValueLookup ...
[041023 13:10:29] curl -X POST -H ''"Authorization: "'' -H 'Content-Type: application/json' -x '' --keepalive-time 300 --data '{"defaultAlgorithmCode": "NullValueLookup", "domainName": "0_AR_TXTLIBRE"}' -k  -s https:///masking/api/v5.1.22/domains
[041023 13:10:30] Domain: 0_AR_TXTLIBRE added.
[041023 13:10:30] Adding Expression 0_AR_CP_DATA to Domain 0_AR_CP ...
[041023 13:10:30] curl -X POST -H ''"Authorization: "'' -H 'Content-Type: application/json' -x '' --keepalive-time 300 --data '{ "domainName": "0_AR_CP", "expressionName": "0_AR_CP_DATA", "regularExpression": "^([A-Z][0-9]{4}([A-Z]{3})?)$", "dataLevelProfiling": "true"}' -k  -s https:///masking/api/v5.1.22/profile-expressions
[041023 13:10:30] Expression: 0_AR_CP_DATA added.
[041023 13:10:30] Adding Expression 0_AR_CP_METADATA to Domain 0_AR_CP ...
[041023 13:10:30] curl -X POST -H ''"Authorization: "'' -H 'Content-Type: application/json' -x '' --keepalive-time 300 --data '{ "domainName": "0_AR_CP", "expressionName": "0_AR_CP_METADATA", "regularExpression": "(.*[^A-Za-z0-9]([Cc][Pp])[^A-Za-z0-9].*)|([Cc][Ooó][Dd][Ii][Gg][Oo].*[Pp][Oo][Ss][Tt][Aa][Ll])|(.*([Pp][Oo][Ss][Tt][Aa][Ll]).*)|(.*([Cc][Pp]).*)", "dataLevelProfiling": "false"}' -k  -s https:///masking/api/v5.1.22/profile-expressions
[041023 13:10:31] Expression: 0_AR_CP_METADATA added.
[041023 13:10:31] Adding Expression 0_AR_CUILT_DATA to Domain 0_AR_CUILT ...
[041023 13:10:31] curl -X POST -H ''"Authorization: "'' -H 'Content-Type: application/json' -x '' --keepalive-time 300 --data '{ "domainName": "0_AR_CUILT", "expressionName": "0_AR_CUILT_DATA", "regularExpression": "^(20|23|24|27|30|33|34)(-)?[0-9]{8}(-)?[0-9]$", "dataLevelProfiling": "true"}' -k  -s https:///masking/api/v5.1.22/profile-expressions
[041023 13:10:31] Expression: 0_AR_CUILT_DATA added.
[041023 13:10:31] Adding Expression 0_AR_CUILT_METADATA to Domain 0_AR_CUILT ...
[041023 13:10:31] curl -X POST -H ''"Authorization: "'' -H 'Content-Type: application/json' -x '' --keepalive-time 300 --data '{ "domainName": "0_AR_CUILT", "expressionName": "0_AR_CUILT_METADATA", "regularExpression": "(.*[Cc][Uu][Ii][Ll].*|.*[Cc][Uu][Ii][Tt].*)", "dataLevelProfiling": "false"}' -k  -s https:///masking/api/v5.1.22/profile-expressions
[041023 13:10:33] Expression: 0_AR_CUILT_METADATA added.
[041023 13:10:33] Adding Expression 0_AR_DNI_DATA to Domain 0_AR_DNI ...
[041023 13:10:33] curl -X POST -H ''"Authorization: "'' -H 'Content-Type: application/json' -x '' --keepalive-time 300 --data '{ "domainName": "0_AR_DNI", "expressionName": "0_AR_DNI_DATA", "regularExpression": "^([0-9]{1,2}[.]{1}[0-9]{3}[.][0-9]{3})$", "dataLevelProfiling": "true"}' -k  -s https:///masking/api/v5.1.22/profile-expressions
[041023 13:10:33] Expression: 0_AR_DNI_DATA added.
[041023 13:10:33] Adding Expression 0_AR_DNI_METADATA to Domain 0_AR_DNI ...
[041023 13:10:33] curl -X POST -H ''"Authorization: "'' -H 'Content-Type: application/json' -x '' --keepalive-time 300 --data '{ "domainName": "0_AR_DNI", "expressionName": "0_AR_DNI_METADATA", "regularExpression": "[Nn]([Uu][Mm][Ee])?[Rr]([Oo])?[^A-Za-z0-9]?[Dd][Nn][Ii]|^[Dd][Nn][Ii]$", "dataLevelProfiling": "false"}' -k  -s https:///masking/api/v5.1.22/profile-expressions
[041023 13:10:33] Expression: 0_AR_DNI_METADATA added.
[041023 13:10:33] Adding Expression 0_AR_DIRECCION_DATA to Domain 0_AR_DIRECCION ...
[041023 13:10:33] curl -X POST -H ''"Authorization: "'' -H 'Content-Type: application/json' -x '' --keepalive-time 300 --data '{ "domainName": "0_AR_DIRECCION", "expressionName": "0_AR_DIRECCION_DATA", "regularExpression": "^([Cc][Aa][Ll]{2}[Ee][ ]|C[. ]|[Aa][Vv][Ee][Nn][Ii][Dd][Aa]|[Aa][Vv][. ]|[Rr][Uu][Tt][Aa]|RTA[. ]|Rta[. ]|[Aa][Uu][Tt][Oo][Pp][Ii][Ss][Tt][Aa]|Autop[. ]).*$", "dataLevelProfiling": "true"}' -k  -s https:///masking/api/v5.1.22/profile-expressions
[041023 13:10:34] Expression: 0_AR_DIRECCION_DATA added.
[041023 13:10:34] Adding Expression 0_AR_DIRECCION_METADATA to Domain 0_AR_DIRECCION ...
[041023 13:10:34] curl -X POST -H ''"Authorization: "'' -H 'Content-Type: application/json' -x '' --keepalive-time 300 --data '{ "domainName": "0_AR_DIRECCION", "expressionName": "0_AR_DIRECCION_METADATA", "regularExpression": "^([Dd][Ii][Rr][Ee][Cc]{2}[Ii][Ooó][Nn]|.*[Cc][Aa][Ll]{2}[Ee].*|.*[Dd][Oo][Mm][Ii][Cc][Ii][Ll][Ii][Oo].*|[Dd][Oo][Mm][Ii]|[Dd][Ii][Rr][Ee]|[Dd][Ii][Rr])$", "dataLevelProfiling": "false"}' -k  -s https:///masking/api/v5.1.22/profile-expressions
[041023 13:10:34] Expression: 0_AR_DIRECCION_METADATA added.
[041023 13:10:34] Adding Expression 0_AR_TELEFONO_DATA to Domain 0_AR_TELEFONO ...
[041023 13:10:34] curl -X POST -H ''"Authorization: "'' -H 'Content-Type: application/json' -x '' --keepalive-time 300 --data '{ "domainName": "0_AR_TELEFONO", "expressionName": "0_AR_TELEFONO_DATA", "regularExpression": "^(?:(?:00)?549?)?0?(?:11|[2368][0-9])(?:(?=[0-9]{0,2}15)[0-9]{2})??[0-9]{8}$", "dataLevelProfiling": "true"}' -k  -s https:///masking/api/v5.1.22/profile-expressions
[041023 13:10:34] Expression: 0_AR_TELEFONO_DATA added.
[041023 13:10:34] Adding Expression 0_AR_TELEFONO_METADATA to Domain 0_AR_TELEFONO ...
[041023 13:10:34] curl -X POST -H ''"Authorization: "'' -H 'Content-Type: application/json' -x '' --keepalive-time 300 --data '{ "domainName": "0_AR_TELEFONO", "expressionName": "0_AR_TELEFONO_METADATA", "regularExpression": "^(.*[Tt][Ee][Ll][Eeé][Ff][Oo][Nn][Oo].*)$|([Nn][Uu][Mm][Tt][Ee][Ll])|([Tt][Ee][Ll]([Cc][Ee][Ll]|[Pp][Aa][Rr]))", "dataLevelProfiling": "false"}' -k  -s https:///masking/api/v5.1.22/profile-expressions
[041023 13:10:34] Expression: 0_AR_TELEFONO_METADATA added.
[041023 13:10:34] Adding Expression 0_AR_NOMBRE_COMPLETO_METADATA to Domain 0_AR_NOMBRE_COMPLETO ...
[041023 13:10:34] curl -X POST -H ''"Authorization: "'' -H 'Content-Type: application/json' -x '' --keepalive-time 300 --data '{ "domainName": "0_AR_NOMBRE_COMPLETO", "expressionName": "0_AR_NOMBRE_COMPLETO_METADATA", "regularExpression": "(^.*_[Nn][Oo][Mm]_([Aa][Pp][Ee]|[Cc][Oo][Mm][Pp][Ll][Ee][Tt][Oo]).*$)|(^.*[Nn][Oo][Mm][Bb][Rr][Ee]([_][Aa][Pp][Ee]|[_][Cc][Oo][Mm][Pp][Ll][Ee][Tt][Oo]).*)$|(^[Aa][Pp][Ee][Yy][Nn][Oo][Mm]$)|(^[Cc][Ll][Ii][Dd][Ee][Nn][Oo]$)|(^[Aa][Pp][Ee].*_y_[Nn][Oo][Mm].*$)", "dataLevelProfiling": "false"}' -k  -s https:///masking/api/v5.1.22/profile-expressions
[041023 13:10:34] Expression: 0_AR_NOMBRE_COMPLETO_METADATA added.
[041023 13:10:34] Adding Expression 0_AR_NOMBRE_METADATA to Domain 0_AR_NOMBRE ...
[041023 13:10:34] curl -X POST -H ''"Authorization: "'' -H 'Content-Type: application/json' -x '' --keepalive-time 300 --data '{ "domainName": "0_AR_NOMBRE", "expressionName": "0_AR_NOMBRE_METADATA", "regularExpression": "(^([Pp][Rr][Ii][Mm][Ee][Rr])?([UuúÚ][Ll][Tt][Ii][Mm][Oo])?[^A-Za-z0-9]?[Nn][Oo][Mm][Ee]$)|(^[Ss][Oo][Bb][Rr][Ee][Nn][Oo][Mm][Ee]$)|(^.*_[Nn][Mm][Bb]$)|(^.*_[Nn][Oo][Mm]_(?![Aa][Pp][Ee]|[Cc][Oo][Mm][Pp][Ll][Ee][Tt][Oo]).*)$|(^([Cc][Ll][Ii])?[Nn][Oo][Mm][Bb][Rr][Ee]([Cc][Ll][Ii])?([Ss])?(_[Tt][Ii][Tt].*)?(?![_][Aa][Pp][Ee]|[_][Cc][Oo][Mm][Pp][Ll][Ee][Tt][Oo]))$|(^.*_[Nn][Mm][Bb]_[Pp][Aa][Xx]$)|(^.*_[Nn][Mm][Bb]_[Ss][Ee][Gg][Uu][Nn][Dd][Oo]$)|(^[Cc][Ll][Ii][Nn][Oo][Mm]$)|(^[Uu][Ss][Rr][Nn][Oo][Mm]$)", "dataLevelProfiling": "false"}' -k  -s https:///masking/api/v5.1.22/profile-expressions
[041023 13:10:35] Expression: 0_AR_NOMBRE_METADATA added.
[041023 13:10:35] Adding Expression 0_AR_APELLIDO_METADATA to Domain 0_AR_APELLIDO ...
[041023 13:10:35] curl -X POST -H ''"Authorization: "'' -H 'Content-Type: application/json' -x '' --keepalive-time 300 --data '{ "domainName": "0_AR_APELLIDO", "expressionName": "0_AR_APELLIDO_METADATA", "regularExpression": "(^([Pp][Rr][Ii][Mm][Ee][Rr])?([Uu][Ll][Tt][Ii][Mm][Oo])?[^A-Za-z0-9]?.*[Aa][Pp][Ee][Ll]{2}[Ii][Dd][Oo](?!.*nombre)$)|(^[Aa][Pp][Ee]$)|(^.*[Uu][Ss][Rr][Aa][Pp][Ee].*$)|(^[Aa][Pp][Ee]_.*$)|(^[Cc][Ll][Ii][Aa][Pp][Ee].*$)|(^.*_?[Aa][Pp][Ee]_([Pp][Aa][Dd][Rr][Ee]|[Mm][Aa][Dd][Rr][Ee]|[Cc][Oo][Nn][Yy][Uu][Gg][Ee])$)|(^.*_?[Mm][Aa][Tt][Ee][Rr][Nn][Oo]_?.*$)|(^.*_?[Pp][Aa][Tt][Ee][Rr][Nn][Oo]_?.*$)", "dataLevelProfiling": "false"}' -k  -s https:///masking/api/v5.1.22/profile-expressions
[041023 13:10:35] Expression: 0_AR_APELLIDO_METADATA added.
[041023 13:10:35] Adding Expression 0_AR_LOCALIDAD_METADATA to Domain 0_AR_LOCALIDAD ...
[041023 13:10:35] curl -X POST -H ''"Authorization: "'' -H 'Content-Type: application/json' -x '' --keepalive-time 300 --data '{ "domainName": "0_AR_LOCALIDAD", "expressionName": "0_AR_LOCALIDAD_METADATA", "regularExpression": "^(.*[Cc][Ii][Uu][Dd][Aa][Dd].*|.*[Nn][Mm][Bb]_[Cc][Ii][Uu][Dd][Aa][Dd]|.*[Ll][Oo][Cc][Aa][Ll][Ii][Dd][Aa][Dd].*|.*[_][Ll][Oo][Cc][_].*)$", "dataLevelProfiling": "false"}' -k  -s https:///masking/api/v5.1.22/profile-expressions
[041023 13:10:35] Expression: 0_AR_LOCALIDAD_METADATA added.
[041023 13:10:35] Adding Expression 0_AR_MUNICIPALIDAD_METADATA to Domain 0_AR_MUNICIPALIDAD ...
[041023 13:10:35] curl -X POST -H ''"Authorization: "'' -H 'Content-Type: application/json' -x '' --keepalive-time 300 --data '{ "domainName": "0_AR_MUNICIPALIDAD", "expressionName": "0_AR_MUNICIPALIDAD_METADATA", "regularExpression": "(.*[Mm][Uu][Nn][Ii][Cc].*)", "dataLevelProfiling": "false"}' -k  -s https:///masking/api/v5.1.22/profile-expressions
[041023 13:10:35] Expression: 0_AR_MUNICIPALIDAD_METADATA added.
[041023 13:10:35] Adding Expression 0_AR_DEPARTAMENTO_METADATA to Domain 0_AR_DEPARTAMENTO ...
[041023 13:10:35] curl -X POST -H ''"Authorization: "'' -H 'Content-Type: application/json' -x '' --keepalive-time 300 --data '{ "domainName": "0_AR_DEPARTAMENTO", "expressionName": "0_AR_DEPARTAMENTO_METADATA", "regularExpression": "(.*[Dd][Ee][Pp][Aa][Rr].*)|(.*[Dd][Pp][Tt][Oo].*)", "dataLevelProfiling": "false"}' -k  -s https:///masking/api/v5.1.22/profile-expressions
[041023 13:10:35] Expression: 0_AR_DEPARTAMENTO_METADATA added.
[041023 13:10:36] Adding Expression 0_AR_PROVINCIA_METADATA to Domain 0_AR_PROVINCIA ...
[041023 13:10:36] curl -X POST -H ''"Authorization: "'' -H 'Content-Type: application/json' -x '' --keepalive-time 300 --data '{ "domainName": "0_AR_PROVINCIA", "expressionName": "0_AR_PROVINCIA_METADATA", "regularExpression": "(.*[Pp][Rr][Oo][Vv][Ii][Nn][Cc][Ii][Aa].*)|(.*[Jj][Uu][Rr][Ii][Ss][Dd][Ii][Cc]{2}[Ii][Ooó][Nn].*)$", "dataLevelProfiling": "false"}' -k  -s https:///masking/api/v5.1.22/profile-expressions
[041023 13:10:36] Expression: 0_AR_PROVINCIA_METADATA added.
[041023 13:10:36] Adding Expression 0_AR_CELULAR_METADATA to Domain 0_AR_TELEFONO ...
[041023 13:10:36] curl -X POST -H ''"Authorization: "'' -H 'Content-Type: application/json' -x '' --keepalive-time 300 --data '{ "domainName": "0_AR_TELEFONO", "expressionName": "0_AR_CELULAR_METADATA", "regularExpression": "(^.*[Cc][Ee][Ll]([Uu][Ll][Aa][Rr].*)?.*$)|(^[Cc][Oo][Nn][Tt][Aa][Cc][Tt][Oo]$)|(^[Cc][Ee][Ll][Uu]$)", "dataLevelProfiling": "false"}' -k  -s https:///masking/api/v5.1.22/profile-expressions
[041023 13:10:36] Expression: 0_AR_CELULAR_METADATA added.
[041023 13:10:36] Adding Expression 0_AR_USUARIO_METADATA to Domain 0_AR_USUARIO ...
[041023 13:10:36] curl -X POST -H ''"Authorization: "'' -H 'Content-Type: application/json' -x '' --keepalive-time 300 --data '{ "domainName": "0_AR_USUARIO", "expressionName": "0_AR_USUARIO_METADATA", "regularExpression": "(.*[Ll][Oo][Gg][Ii][Nn].*)|(.*[Uu][Ss][Uu][Aa][Rr][Ii][Oo].*)", "dataLevelProfiling": "false"}' -k  -s https:///masking/api/v5.1.22/profile-expressions
[041023 13:10:36] Expression: 0_AR_USUARIO_METADATA added.
[041023 13:10:36] Adding Expression 0_AR_EMAIL_METADATA to Domain 0_AR_EMAIL ...
[041023 13:10:36] curl -X POST -H ''"Authorization: "'' -H 'Content-Type: application/json' -x '' --keepalive-time 300 --data '{ "domainName": "0_AR_EMAIL", "expressionName": "0_AR_EMAIL_METADATA", "regularExpression": "(.*[Ee][Mm][Al][Ii][Ll].*)|(.*[Cc][Oo][Rr][Rr][Ee][Oo].*)", "dataLevelProfiling": "false"}' -k  -s https:///masking/api/v5.1.22/profile-expressions
[041023 13:10:36] Expression: 0_AR_EMAIL_METADATA added.
[041023 13:10:36] Adding Expression 0_AR_EMPRESA_METADATA to Domain 0_AR_EMPRESA ...
[041023 13:10:36] curl -X POST -H ''"Authorization: "'' -H 'Content-Type: application/json' -x '' --keepalive-time 300 --data '{ "domainName": "0_AR_EMPRESA", "expressionName": "0_AR_EMPRESA_METADATA", "regularExpression": "(.*[Rr][Aa][Zz][Ooó][Nn][^A-Za-z0-9]?[Ss][Oo][Cc][Ii][Aa][Ll].*)|(.*([Ee][Mm][Pp][Rr][Ee][Ss][Aa])|[Cc][Oo][Mm][Pp][Aa][ÑNnñ][Ii][Aa].*)", "dataLevelProfiling": "false"}' -k  -s https:///masking/api/v5.1.22/profile-expressions
[041023 13:10:37] Expression: 0_AR_EMPRESA_METADATA added.
[041023 13:10:37] Adding Expression 0_AR_PASAPORTE_METADATA to Domain 0_AR_PASAPORTE ...
[041023 13:10:37] curl -X POST -H ''"Authorization: "'' -H 'Content-Type: application/json' -x '' --keepalive-time 300 --data '{ "domainName": "0_AR_PASAPORTE", "expressionName": "0_AR_PASAPORTE_METADATA", "regularExpression": "(.*[Pp][Aa][Ss][Aa][Pp][Oo][Rr][Tt][Ee].*)", "dataLevelProfiling": "false"}' -k  -s https:///masking/api/v5.1.22/profile-expressions
[041023 13:10:37] Expression: 0_AR_PASAPORTE_METADATA added.
[041023 13:10:37] Adding Expression 0_AR_CUENTA_METADATA to Domain 0_AR_CUENTA ...
[041023 13:10:37] curl -X POST -H ''"Authorization: "'' -H 'Content-Type: application/json' -x '' --keepalive-time 300 --data '{ "domainName": "0_AR_CUENTA", "expressionName": "0_AR_CUENTA_METADATA", "regularExpression": "(^.*[Cc][Uu][Ee][Nn][Tt][Aa].*$)|(^.*[Cc][Tt][Aa].*$)", "dataLevelProfiling": "false"}' -k  -s https:///masking/api/v5.1.22/profile-expressions
[041023 13:10:37] Expression: 0_AR_CUENTA_METADATA added.
[041023 13:10:37] Adding Expression 0_AR_TARJETA_METADATA to Domain 0_AR_TARJETA ...
[041023 13:10:37] curl -X POST -H ''"Authorization: "'' -H 'Content-Type: application/json' -x '' --keepalive-time 300 --data '{ "domainName": "0_AR_TARJETA", "expressionName": "0_AR_TARJETA_METADATA", "regularExpression": "^(([Nn][Uu][Mm]([Ee][Rr]|[Oo])?|nro|no|NRO|NO)?_?(([Tt][Aa][Rr][Jj]([Ee][Tt][Aa])?)|tar|TAR|tjt|TJT)(_?cre?di?to_?)?)$", "dataLevelProfiling": "false"}' -k  -s https:///masking/api/v5.1.22/profile-expressions
[041023 13:10:37] Expression: 0_AR_TARJETA_METADATA added.
[041023 13:10:37] Adding Expression 0_AR_SEXO_METADATA to Domain 0_AR_SEXO ...
[041023 13:10:37] curl -X POST -H ''"Authorization: "'' -H 'Content-Type: application/json' -x '' --keepalive-time 300 --data '{ "domainName": "0_AR_SEXO", "expressionName": "0_AR_SEXO_METADATA", "regularExpression": "([Ss][Ee][Xx][Oo]?$)|(.*[_][Ss][Ee][Xx][Oo]?$)|(.*[_][Gg][Ee][Nn][Ee][Rr][Oo]$)", "dataLevelProfiling": "false"}' -k  -s https:///masking/api/v5.1.22/profile-expressions
[041023 13:10:38] Expression: 0_AR_SEXO_METADATA added.
[041023 13:10:38] Adding Expression 0_AR_TARJETA_DATA to Domain 0_AR_TARJETA ...
[041023 13:10:38] curl -X POST -H ''"Authorization: "'' -H 'Content-Type: application/json' -x '' --keepalive-time 300 --data '{ "domainName": "0_AR_TARJETA", "expressionName": "0_AR_TARJETA_DATA", "regularExpression": "^(?:4[0-9]{}(?:[0-9]{3})?|[25][1-7][0-9]{14}|6(?:011|5[0-9][0-9])[0-9]{}|3[47][0-9]{13}|3(?:0[0-5]|[68][0-9])[0-9]{11})$", "dataLevelProfiling": "true"}' -k  -s https:///masking/api/v5.1.22/profile-expressions
[041023 13:10:38] Expression: 0_AR_TARJETA_DATA added.
[041023 13:10:38] Adding Expression 0_AR_FECNAC_METADATA to Domain 0_AR_FECNAC ...
[041023 13:10:38] curl -X POST -H ''"Authorization: "'' -H 'Content-Type: application/json' -x '' --keepalive-time 300 --data '{ "domainName": "0_AR_FECNAC", "expressionName": "0_AR_FECNAC_METADATA", "regularExpression": "(^.*_[Ff][Ec][Cc]_[Nn][Aa][Cc][Ii][Mm][Ii][Ee][Nn][Tt][Oo]$)|(.*[Ff][Ee][Cc][Hh][Aa].*)", "dataLevelProfiling": "false"}' -k  -s https:///masking/api/v5.1.22/profile-expressions
[041023 13:10:38] Expression: 0_AR_FECNAC_METADATA added.
[041023 13:10:38] Adding Expression 0_AR_NACIONALIDAD_METADATA to Domain 0_AR_NACIONALIDAD ...
[041023 13:10:38] curl -X POST -H ''"Authorization: "'' -H 'Content-Type: application/json' -x '' --keepalive-time 300 --data '{ "domainName": "0_AR_NACIONALIDAD", "expressionName": "0_AR_NACIONALIDAD_METADATA", "regularExpression": "(^.*_[Nn][Aa][Cc][Ii][Oo][Nn][Aa][Ll][Ii][Dd][Aa][Dd]$)  ", "dataLevelProfiling": "false"}' -k  -s https:///masking/api/v5.1.22/profile-expressions
[041023 13:10:38] Expression: 0_AR_NACIONALIDAD_METADATA added.
[041023 13:10:38] Adding Expression 0_AR_TXTLIBRE_METADATA to Domain 0_AR_TXTLIBRE ...
[041023 13:10:38] curl -X POST -H ''"Authorization: "'' -H 'Content-Type: application/json' -x '' --keepalive-time 300 --data '{ "domainName": "0_AR_TXTLIBRE", "expressionName": "0_AR_TXTLIBRE_METADATA", "regularExpression": "^(.*_[Pp][Rr][Ee][Ff][Ee][Rr][Ee][Nn][Cc][Ii][Aa][Ss].*|.*_[Tt][Xx][Tt]|.*_[Oo][Bb][Ss]|[Oo][Bb][Ss]|.*_[Dd][Ss][Cc]|[Cc][Oo][Mm][Ee][Nn][Tt].*|[Oo][Bb][Ss][Ee][Rr][Vv].*)$", "dataLevelProfiling": "false"}' -k  -s https:///masking/api/v5.1.22/profile-expressions
[041023 13:10:38] Expression: 0_AR_TXTLIBRE_METADATA added.
[041023 13:10:38] Adding Profileset TEST using Expressions ids 7,8,11,22,23,49,50,515,516,517,518,519,520,521,522,523,524,525,526,527,528,529,530,531,532,533,534,535,536,537,538,539,540,541,542,543 ...
[041023 13:10:38] curl -X POST -H ''"Authorization: "'' -H 'Content-Type: application/json' -x '' --keepalive-time 300 --data '{"profileSetName": "TEST", "profileExpressionIds": [ 7,8,11,22,23,49,50,515,516,517,518,519,520,521,522,523,524,525,526,527,528,529,530,531,532,533,534,535,536,537,538,539,540,541,542,543 ]}' -k  -s https:///masking/api/v5.1.22/profile-sets
[041023 13:10:39] ProfileSet: TEST added using expressions ids 7,8,11,22,23,49,50,515,516,517,518,519,520,521,522,523,524,525,526,527,528,529,530,531,532,533,534,535,536,537,538,539,540,541,542,543
[041023 13:10:39] Logging out ...
[041023 13:10:39] curl -X PUT -H ''"Authorization: "'' -H 'Content-Type: application/json' -x '' --keepalive-time 300 -k  -s https:///masking/api/v5.1.22/logout
[041023 13:10:39]  Logged out successfully with token 
